<?xml version="1.0" encoding="UTF-8" ?>
<testsuite tests="1" failures="1" name="exselenium.TestaGoogle" time="0.004" errors="0" skipped="0">
  <properties>
[...]
</properties>
  <testcase classname="exselenium.TestaGoogle" name="exselenium.TestaGoogle.testarNomeExistente" time="0.004">
    <failure message="Cannot invoke &quot;org.openqa.selenium.WebDriver.findElement(org.openqa.selenium.By)&quot; because &quot;this.driver&quot; is null" type="java.lang.NullPointerException">java.lang.NullPointerException: Cannot invoke &quot;org.openqa.selenium.WebDriver.findElement(org.openqa.selenium.By)&quot; because &quot;this.driver&quot; is null
	at exselenium.TestaGoogle.testarNomeExistente(TestaGoogle.java:39)
</failure>
  </testcase>
</testsuite>